{"message":"Couldn't get the courses","stack":"Error: Couldn't get the courses\n    at router.get (C:\\Users\\amine\\Desktop\\web\\Backend-template\\routes\\courses.js:7:9)\n    at newFn (C:\\Users\\amine\\Desktop\\web\\Backend-template\\node_modules\\express-async-errors\\index.js:16:20)\n    at Layer.handle [as handle_request] (C:\\Users\\amine\\Desktop\\web\\Backend-template\\node_modules\\express\\lib\\router\\layer.js:95:5)\n    at next (C:\\Users\\amine\\Desktop\\web\\Backend-template\\node_modules\\express\\lib\\router\\route.js:137:13)\n    at Route.dispatch (C:\\Users\\amine\\Desktop\\web\\Backend-template\\node_modules\\express\\lib\\router\\route.js:112:3)\n    at newFn (C:\\Users\\amine\\Desktop\\web\\Backend-template\\node_modules\\express-async-errors\\index.js:16:20)\n    at Layer.handle [as handle_request] (C:\\Users\\amine\\Desktop\\web\\Backend-template\\node_modules\\express\\lib\\router\\layer.js:95:5)\n    at C:\\Users\\amine\\Desktop\\web\\Backend-template\\node_modules\\express\\lib\\router\\index.js:281:22\n    at Function.process_params (C:\\Users\\amine\\Desktop\\web\\Backend-template\\node_modules\\express\\lib\\router\\index.js:335:12)\n    at next (C:\\Users\\amine\\Desktop\\web\\Backend-template\\node_modules\\express\\lib\\router\\index.js:275:10)\n    at Function.handle (C:\\Users\\amine\\Desktop\\web\\Backend-template\\node_modules\\express\\lib\\router\\index.js:174:3)\n    at router (C:\\Users\\amine\\Desktop\\web\\Backend-template\\node_modules\\express\\lib\\router\\index.js:47:12)\n    at newFn (C:\\Users\\amine\\Desktop\\web\\Backend-template\\node_modules\\express-async-errors\\index.js:16:20)\n    at Layer.handle [as handle_request] (C:\\Users\\amine\\Desktop\\web\\Backend-template\\node_modules\\express\\lib\\router\\layer.js:95:5)\n    at trim_prefix (C:\\Users\\amine\\Desktop\\web\\Backend-template\\node_modules\\express\\lib\\router\\index.js:317:13)\n    at C:\\Users\\amine\\Desktop\\web\\Backend-template\\node_modules\\express\\lib\\router\\index.js:284:7","level":"error","timestamp":"2019-07-24T18:40:42.169Z"}
{"message":"Couldn't get the courses","stack":"Error: Couldn't get the courses\n    at router.get (C:\\Users\\amine\\Desktop\\web\\Backend-template\\routes\\courses.js:7:9)\n    at newFn (C:\\Users\\amine\\Desktop\\web\\Backend-template\\node_modules\\express-async-errors\\index.js:16:20)\n    at Layer.handle [as handle_request] (C:\\Users\\amine\\Desktop\\web\\Backend-template\\node_modules\\express\\lib\\router\\layer.js:95:5)\n    at next (C:\\Users\\amine\\Desktop\\web\\Backend-template\\node_modules\\express\\lib\\router\\route.js:137:13)\n    at Route.dispatch (C:\\Users\\amine\\Desktop\\web\\Backend-template\\node_modules\\express\\lib\\router\\route.js:112:3)\n    at newFn (C:\\Users\\amine\\Desktop\\web\\Backend-template\\node_modules\\express-async-errors\\index.js:16:20)\n    at Layer.handle [as handle_request] (C:\\Users\\amine\\Desktop\\web\\Backend-template\\node_modules\\express\\lib\\router\\layer.js:95:5)\n    at C:\\Users\\amine\\Desktop\\web\\Backend-template\\node_modules\\express\\lib\\router\\index.js:281:22\n    at Function.process_params (C:\\Users\\amine\\Desktop\\web\\Backend-template\\node_modules\\express\\lib\\router\\index.js:335:12)\n    at next (C:\\Users\\amine\\Desktop\\web\\Backend-template\\node_modules\\express\\lib\\router\\index.js:275:10)\n    at Function.handle (C:\\Users\\amine\\Desktop\\web\\Backend-template\\node_modules\\express\\lib\\router\\index.js:174:3)\n    at router (C:\\Users\\amine\\Desktop\\web\\Backend-template\\node_modules\\express\\lib\\router\\index.js:47:12)\n    at newFn (C:\\Users\\amine\\Desktop\\web\\Backend-template\\node_modules\\express-async-errors\\index.js:16:20)\n    at Layer.handle [as handle_request] (C:\\Users\\amine\\Desktop\\web\\Backend-template\\node_modules\\express\\lib\\router\\layer.js:95:5)\n    at trim_prefix (C:\\Users\\amine\\Desktop\\web\\Backend-template\\node_modules\\express\\lib\\router\\index.js:317:13)\n    at C:\\Users\\amine\\Desktop\\web\\Backend-template\\node_modules\\express\\lib\\router\\index.js:284:7","level":"error","timestamp":"2019-07-24T18:49:56.433Z"}
{"message":"Couldn't get the courses","stack":"Error: Couldn't get the courses\n    at Object.<anonymous> (C:\\Users\\amine\\Desktop\\web\\Backend-template\\index.js:36:7)\n    at Module._compile (internal/modules/cjs/loader.js:678:30)\n    at Object.Module._extensions..js (internal/modules/cjs/loader.js:689:10)\n    at Module.load (internal/modules/cjs/loader.js:589:32)\n    at tryModuleLoad (internal/modules/cjs/loader.js:528:12)\n    at Function.Module._load (internal/modules/cjs/loader.js:520:3)\n    at Function.Module.runMain (internal/modules/cjs/loader.js:719:10)\n    at startup (internal/bootstrap/node.js:228:19)\n    at bootstrapNodeJSCore (internal/bootstrap/node.js:576:3)","level":"error","timestamp":"2019-07-24T18:56:09.113Z"}
{"message":"Cast to ObjectId failed for value \"5d35e3787401730f84584b7b123\" at path \"_id\" for model \"Course\"","stack":"CastError: Cast to ObjectId failed for value \"5d35e3787401730f84584b7b123\" at path \"_id\" for model \"Course\"\n    at new CastError (C:\\Users\\amine\\Desktop\\web\\Backend-template\\node_modules\\mongoose\\lib\\error\\cast.js:29:11)\n    at ObjectId.cast (C:\\Users\\amine\\Desktop\\web\\Backend-template\\node_modules\\mongoose\\lib\\schema\\objectid.js:244:11)\n    at ObjectId.SchemaType.applySetters (C:\\Users\\amine\\Desktop\\web\\Backend-template\\node_modules\\mongoose\\lib\\schematype.js:948:12)\n    at ObjectId.SchemaType._castForQuery (C:\\Users\\amine\\Desktop\\web\\Backend-template\\node_modules\\mongoose\\lib\\schematype.js:1362:15)\n    at ObjectId.SchemaType.castForQuery (C:\\Users\\amine\\Desktop\\web\\Backend-template\\node_modules\\mongoose\\lib\\schematype.js:1352:15)\n    at ObjectId.SchemaType.castForQueryWrapper (C:\\Users\\amine\\Desktop\\web\\Backend-template\\node_modules\\mongoose\\lib\\schematype.js:1331:15)\n    at cast (C:\\Users\\amine\\Desktop\\web\\Backend-template\\node_modules\\mongoose\\lib\\cast.js:307:32)\n    at model.Query.Query.cast (C:\\Users\\amine\\Desktop\\web\\Backend-template\\node_modules\\mongoose\\lib\\query.js:4576:12)\n    at model.Query.Query._castConditions (C:\\Users\\amine\\Desktop\\web\\Backend-template\\node_modules\\mongoose\\lib\\query.js:1783:10)\n    at model.Query.<anonymous> (C:\\Users\\amine\\Desktop\\web\\Backend-template\\node_modules\\mongoose\\lib\\query.js:2038:8)\n    at model.Query._wrappedThunk [as _findOne] (C:\\Users\\amine\\Desktop\\web\\Backend-template\\node_modules\\mongoose\\lib\\helpers\\query\\wrapThunk.js:16:8)\n    at process.nextTick (C:\\Users\\amine\\Desktop\\web\\Backend-template\\node_modules\\kareem\\index.js:369:33)\n    at process._tickCallback (internal/process/next_tick.js:61:11)","name":"CastError","stringValue":"\"5d35e3787401730f84584b7b123\"","kind":"ObjectId","value":"5d35e3787401730f84584b7b123","path":"_id","level":"error","timestamp":"2019-07-24T19:04:39.027Z"}
{"message":"Cast to ObjectId failed for value \"5d35e3787401730f84584b7b123\" at path \"_id\" for model \"Course\"","stack":"CastError: Cast to ObjectId failed for value \"5d35e3787401730f84584b7b123\" at path \"_id\" for model \"Course\"\n    at new CastError (C:\\Users\\amine\\Desktop\\web\\Backend-template\\node_modules\\mongoose\\lib\\error\\cast.js:29:11)\n    at ObjectId.cast (C:\\Users\\amine\\Desktop\\web\\Backend-template\\node_modules\\mongoose\\lib\\schema\\objectid.js:244:11)\n    at ObjectId.SchemaType.applySetters (C:\\Users\\amine\\Desktop\\web\\Backend-template\\node_modules\\mongoose\\lib\\schematype.js:948:12)\n    at ObjectId.SchemaType._castForQuery (C:\\Users\\amine\\Desktop\\web\\Backend-template\\node_modules\\mongoose\\lib\\schematype.js:1362:15)\n    at ObjectId.SchemaType.castForQuery (C:\\Users\\amine\\Desktop\\web\\Backend-template\\node_modules\\mongoose\\lib\\schematype.js:1352:15)\n    at ObjectId.SchemaType.castForQueryWrapper (C:\\Users\\amine\\Desktop\\web\\Backend-template\\node_modules\\mongoose\\lib\\schematype.js:1331:15)\n    at cast (C:\\Users\\amine\\Desktop\\web\\Backend-template\\node_modules\\mongoose\\lib\\cast.js:307:32)\n    at model.Query.Query.cast (C:\\Users\\amine\\Desktop\\web\\Backend-template\\node_modules\\mongoose\\lib\\query.js:4576:12)\n    at model.Query.Query._castConditions (C:\\Users\\amine\\Desktop\\web\\Backend-template\\node_modules\\mongoose\\lib\\query.js:1783:10)\n    at model.Query.<anonymous> (C:\\Users\\amine\\Desktop\\web\\Backend-template\\node_modules\\mongoose\\lib\\query.js:2038:8)\n    at model.Query._wrappedThunk [as _findOne] (C:\\Users\\amine\\Desktop\\web\\Backend-template\\node_modules\\mongoose\\lib\\helpers\\query\\wrapThunk.js:16:8)\n    at process.nextTick (C:\\Users\\amine\\Desktop\\web\\Backend-template\\node_modules\\kareem\\index.js:369:33)\n    at process._tickCallback (internal/process/next_tick.js:61:11)","name":"CastError","stringValue":"\"5d35e3787401730f84584b7b123\"","kind":"ObjectId","value":"5d35e3787401730f84584b7b123","path":"_id","level":"error","timestamp":"2019-07-24T19:46:40.705Z"}
{"level":"info","message":"Connected to TemplateDB...","timestamp":"2019-07-24T20:21:07.407Z"}
{"level":"info","message":"Connected to TemplateDB...","timestamp":"2019-07-24T20:21:44.147Z"}
{"level":"info","message":"Connected to TemplateDB...","timestamp":"2019-07-24T20:22:45.632Z"}
{"level":"info","message":"Connected to TemplateDB...","timestamp":"2019-07-24T20:23:11.954Z"}
{"level":"info","message":"Connected to TemplateDB...","timestamp":"2019-07-24T20:28:09.664Z"}
{"level":"info","message":"Connected to TemplateDB...","timestamp":"2019-07-24T20:31:24.846Z"}
{"level":"info","message":"Connected to TemplateDB...","timestamp":"2019-07-24T20:31:41.985Z"}
{"level":"info","message":"Connected to TemplateDB...","timestamp":"2019-07-24T20:32:12.243Z"}
{"level":"info","message":"Connected to TemplateDB...","timestamp":"2019-07-24T20:32:33.251Z"}
{"level":"info","message":"Connected to TemplateDB...","timestamp":"2019-07-24T20:33:36.625Z"}
{"level":"info","message":"Connected to TemplateDB...","timestamp":"2019-07-24T20:34:03.999Z"}
{"level":"info","message":"Connected to TemplateDB...","timestamp":"2019-07-24T20:34:54.945Z"}
{"level":"info","message":"Connected to TemplateDB...","timestamp":"2019-07-24T20:35:01.728Z"}
{"level":"info","message":"Connected to TemplateDB...","timestamp":"2019-07-24T20:36:06.510Z"}
{"level":"info","message":"Connected to TemplateDB...","timestamp":"2019-07-24T20:38:03.100Z"}
{"level":"info","message":"Connected to TemplateDB...","timestamp":"2019-07-24T20:38:30.335Z"}
{"level":"info","message":"Listening on port 3000","timestamp":"2019-07-24T20:38:54.968Z"}
{"level":"info","message":"Connected to TemplateDB...","timestamp":"2019-07-24T20:38:56.025Z"}
{"level":"info","message":"Listening on port 3000","timestamp":"2019-07-24T20:39:16.847Z"}
{"level":"info","message":"Connected to TemplateDB...","timestamp":"2019-07-24T20:39:17.900Z"}
{"level":"info","message":"Listening on port 3000","timestamp":"2019-07-24T20:39:27.119Z"}
{"level":"info","message":"Connected to TemplateDB...","timestamp":"2019-07-24T20:39:28.175Z"}
{"level":"info","message":"Listening on port 3000...","timestamp":"2019-07-24T20:39:42.745Z"}
{"level":"info","message":"Connected to TemplateDB...","timestamp":"2019-07-24T20:39:43.801Z"}
{"level":"info","message":"Listening on port 3000...","timestamp":"2019-07-24T20:43:24.741Z"}
{"level":"info","message":"Connected to TemplateDB...","timestamp":"2019-07-24T20:43:25.801Z"}
{"level":"info","message":"Listening on port 3000...","timestamp":"2019-07-29T13:07:27.151Z"}
{"level":"info","message":"Listening on port 3000...","timestamp":"2019-07-29T13:07:58.601Z"}
{"level":"info","message":"Connected to TemplateDB...","timestamp":"2019-07-29T13:07:59.659Z"}
{"level":"info","message":"Listening on port 3000...","timestamp":"2019-07-29T13:24:45.614Z"}
{"level":"info","message":"Connected to TemplateDB...","timestamp":"2019-07-29T13:24:46.633Z"}
{"level":"info","message":"Listening on port 3000...","timestamp":"2019-07-29T13:25:20.374Z"}
{"level":"info","message":"Connected to TemplateDB...","timestamp":"2019-07-29T13:25:21.399Z"}
{"level":"info","message":"Listening on port 3000...","timestamp":"2019-07-29T14:31:55.572Z"}
{"level":"info","message":"Connected to TemplateDB...","timestamp":"2019-07-29T14:31:56.617Z"}
{"level":"info","message":"Listening on port 3000...","timestamp":"2019-07-29T14:33:02.577Z"}
{"level":"info","message":"Connected to TemplateDB...","timestamp":"2019-07-29T14:33:03.597Z"}
{"level":"info","message":"Listening on port 3000...","timestamp":"2019-07-29T14:43:10.187Z"}
{"level":"info","message":"Connected to TemplateDB...","timestamp":"2019-07-29T14:43:11.260Z"}
{"level":"info","message":"Listening on port 3000...","timestamp":"2019-07-29T17:28:35.659Z"}
{"level":"info","message":"Connected to TemplateDB...","timestamp":"2019-07-29T17:28:36.715Z"}
{"level":"info","message":"Listening on port 3000...","timestamp":"2019-07-30T12:53:59.161Z"}
{"level":"info","message":"Listening on port 3000...","timestamp":"2019-07-30T17:00:28.670Z"}
{"level":"info","message":"Listening on port 3000...","timestamp":"2019-07-30T17:00:47.997Z"}
{"level":"info","message":"Connected to mongodb://localhost/TemplateDB...","timestamp":"2019-07-30T17:00:49.048Z"}
{"level":"info","message":"Listening on port 3000...","timestamp":"2019-07-30T17:01:17.000Z"}
{"level":"info","message":"Connected to mongodb://localhost/TemplateDB_Test...","timestamp":"2019-07-30T17:01:18.056Z"}
{"level":"info","message":"Listening on port 3000...","timestamp":"2019-07-30T17:23:10.599Z"}
{"level":"info","message":"Connected to mongodb://localhost/TemplateDB_Test...","timestamp":"2019-07-30T17:23:11.661Z"}
{"level":"info","message":"Listening on port 3000...","timestamp":"2019-07-30T17:23:31.807Z"}
{"level":"info","message":"Connected to mongodb://localhost/TemplateDB_Test...","timestamp":"2019-07-30T17:23:32.862Z"}
{"level":"info","message":"Listening on port 3000...","timestamp":"2019-07-30T17:35:12.436Z"}
{"level":"info","message":"Connected to mongodb://localhost/TemplateDB_Test...","timestamp":"2019-07-30T17:35:13.457Z"}
{"level":"info","message":"Listening on port 3000...","timestamp":"2019-07-30T17:36:06.822Z"}
{"level":"info","message":"Connected to mongodb://localhost/TemplateDB_Test...","timestamp":"2019-07-30T17:36:07.885Z"}
{"level":"info","message":"Listening on port 3000...","timestamp":"2019-07-30T17:36:46.772Z"}
{"level":"info","message":"Connected to mongodb://localhost/TemplateDB_Test...","timestamp":"2019-07-30T17:36:47.801Z"}
{"level":"info","message":"Listening on port 3000...","timestamp":"2019-07-30T17:36:53.705Z"}
{"level":"info","message":"Connected to mongodb://localhost/TemplateDB_Test...","timestamp":"2019-07-30T17:36:54.776Z"}
{"level":"info","message":"Listening on port 3000...","timestamp":"2019-07-30T17:38:17.401Z"}
{"level":"info","message":"Connected to mongodb://localhost/TemplateDB_Test...","timestamp":"2019-07-30T17:38:18.477Z"}
{"level":"info","message":"Listening on port 3000...","timestamp":"2019-07-30T17:40:11.277Z"}
{"level":"info","message":"Connected to mongodb://localhost/TemplateDB_Test...","timestamp":"2019-07-30T17:40:12.337Z"}
{"level":"info","message":"Listening on port 3000...","timestamp":"2019-07-30T17:40:20.502Z"}
{"level":"info","message":"Connected to mongodb://localhost/TemplateDB_Test...","timestamp":"2019-07-30T17:40:21.539Z"}
{"level":"info","message":"Listening on port 3000...","timestamp":"2019-07-30T17:41:53.160Z"}
{"level":"info","message":"Connected to mongodb://localhost/TemplateDB_Test...","timestamp":"2019-07-30T17:41:54.202Z"}
{"level":"info","message":"Listening on port 3000...","timestamp":"2019-07-30T17:42:09.525Z"}
{"level":"info","message":"Connected to mongodb://localhost/TemplateDB_Test...","timestamp":"2019-07-30T17:42:10.579Z"}
{"level":"info","message":"Listening on port 3000...","timestamp":"2019-07-30T17:46:43.517Z"}
{"level":"info","message":"Connected to mongodb://localhost/TemplateDB_Test...","timestamp":"2019-07-30T17:46:44.571Z"}
{"level":"info","message":"Listening on port 3000...","timestamp":"2019-07-30T17:47:26.329Z"}
{"level":"info","message":"Connected to mongodb://localhost/TemplateDB_Test...","timestamp":"2019-07-30T17:47:27.413Z"}
{"level":"info","message":"Listening on port 3000...","timestamp":"2019-07-30T17:50:59.199Z"}
{"level":"info","message":"Connected to mongodb://localhost/TemplateDB_Test...","timestamp":"2019-07-30T17:51:00.230Z"}
{"level":"info","message":"Listening on port 3000...","timestamp":"2019-07-30T17:51:32.009Z"}
{"level":"info","message":"Connected to mongodb://localhost/TemplateDB_Test...","timestamp":"2019-07-30T17:51:33.103Z"}
{"level":"info","message":"Listening on port 3000...","timestamp":"2019-07-30T18:11:36.313Z"}
{"level":"info","message":"Connected to mongodb://localhost/TemplateDB_Test...","timestamp":"2019-07-30T18:11:37.384Z"}
{"level":"info","message":"Listening on port 3000...","timestamp":"2019-07-30T18:15:44.455Z"}
{"level":"info","message":"Connected to mongodb://localhost/TemplateDB_Test...","timestamp":"2019-07-30T18:15:45.521Z"}
{"level":"info","message":"Listening on port 3000...","timestamp":"2019-07-30T18:16:29.304Z"}
{"level":"info","message":"Connected to mongodb://localhost/TemplateDB_Test...","timestamp":"2019-07-30T18:16:30.378Z"}
{"level":"info","message":"Listening on port 3000...","timestamp":"2019-07-30T18:17:08.002Z"}
{"level":"info","message":"Connected to mongodb://localhost/TemplateDB_Test...","timestamp":"2019-07-30T18:17:09.070Z"}
{"level":"info","message":"Listening on port 3000...","timestamp":"2019-07-30T18:25:05.323Z"}
{"level":"info","message":"Connected to mongodb://localhost/TemplateDB_Test...","timestamp":"2019-07-30T18:25:06.396Z"}
{"level":"info","message":"Listening on port 3000...","timestamp":"2019-07-31T10:00:11.462Z"}
{"level":"info","message":"Connected to mongodb://localhost/TemplateDB_Test...","timestamp":"2019-07-31T10:00:12.539Z"}
{"level":"info","message":"Listening on port 3000...","timestamp":"2019-07-31T10:41:51.104Z"}
{"level":"info","message":"Connected to mongodb://localhost/TemplateDB_Test...","timestamp":"2019-07-31T10:41:52.175Z"}
{"level":"info","message":"Listening on port 3000...","timestamp":"2019-07-31T10:42:25.697Z"}
{"level":"info","message":"Connected to mongodb://localhost/TemplateDB_Test...","timestamp":"2019-07-31T10:42:26.769Z"}
{"level":"info","message":"Listening on port 3000...","timestamp":"2019-07-31T10:49:42.707Z"}
{"level":"info","message":"Connected to mongodb://localhost/TemplateDB_Test...","timestamp":"2019-07-31T10:49:43.738Z"}
{"level":"info","message":"Listening on port 3000...","timestamp":"2019-07-31T10:51:09.078Z"}
{"level":"info","message":"Connected to mongodb://localhost/TemplateDB_Test...","timestamp":"2019-07-31T10:51:10.135Z"}
{"level":"info","message":"Listening on port 3000...","timestamp":"2019-07-31T11:04:38.312Z"}
{"level":"info","message":"Connected to mongodb://localhost/TemplateDB_Test...","timestamp":"2019-07-31T11:04:39.388Z"}
{"level":"info","message":"Listening on port 3000...","timestamp":"2019-07-31T11:06:35.253Z"}
{"level":"info","message":"Connected to mongodb://localhost/TemplateDB_Test...","timestamp":"2019-07-31T11:06:36.314Z"}
{"level":"info","message":"Listening on port 3000...","timestamp":"2019-07-31T11:08:12.934Z"}
{"level":"info","message":"Connected to mongodb://localhost/TemplateDB_Test...","timestamp":"2019-07-31T11:08:14.005Z"}
{"level":"info","message":"Listening on port 3000...","timestamp":"2019-07-31T11:11:47.021Z"}
{"level":"info","message":"Connected to mongodb://localhost/TemplateDB_Test...","timestamp":"2019-07-31T11:11:48.084Z"}
{"level":"info","message":"Listening on port 3000...","timestamp":"2019-07-31T11:14:52.363Z"}
{"level":"info","message":"Connected to mongodb://localhost/TemplateDB_Test...","timestamp":"2019-07-31T11:14:53.433Z"}
{"level":"info","message":"Listening on port 3000...","timestamp":"2019-07-31T11:15:47.011Z"}
{"level":"info","message":"Connected to mongodb://localhost/TemplateDB_Test...","timestamp":"2019-07-31T11:15:48.069Z"}
{"level":"info","message":"Listening on port 3000...","timestamp":"2019-07-31T11:16:07.047Z"}
{"level":"info","message":"Connected to mongodb://localhost/TemplateDB_Test...","timestamp":"2019-07-31T11:16:08.103Z"}
{"level":"info","message":"Listening on port 3000...","timestamp":"2019-07-31T11:16:23.738Z"}
{"level":"info","message":"Connected to mongodb://localhost/TemplateDB_Test...","timestamp":"2019-07-31T11:16:24.776Z"}
{"level":"info","message":"Listening on port 3000...","timestamp":"2019-07-31T11:53:02.642Z"}
{"level":"info","message":"Connected to mongodb://localhost/TemplateDB_Test...","timestamp":"2019-07-31T11:53:03.711Z"}
{"level":"info","message":"Listening on port 3000...","timestamp":"2019-07-31T11:57:33.642Z"}
{"level":"info","message":"Connected to mongodb://localhost/TemplateDB_Test...","timestamp":"2019-07-31T11:57:34.671Z"}
{"level":"info","message":"Listening on port 3000...","timestamp":"2019-07-31T11:57:59.189Z"}
{"level":"info","message":"Listening on port 3000...","timestamp":"2019-07-31T11:57:59.520Z"}
{"level":"info","message":"Connected to mongodb://localhost/TemplateDB_Test...","timestamp":"2019-07-31T11:58:00.273Z"}
{"level":"info","message":"Connected to mongodb://localhost/TemplateDB_Test...","timestamp":"2019-07-31T11:58:00.597Z"}
{"level":"info","message":"Listening on port 3000...","timestamp":"2019-07-31T12:00:05.162Z"}
{"level":"info","message":"Listening on port 3000...","timestamp":"2019-07-31T12:00:05.182Z"}
{"level":"info","message":"Connected to mongodb://localhost/TemplateDB_Test...","timestamp":"2019-07-31T12:00:06.210Z"}
{"level":"info","message":"Connected to mongodb://localhost/TemplateDB_Test...","timestamp":"2019-07-31T12:00:06.243Z"}
{"level":"info","message":"Listening on port 3000...","timestamp":"2019-07-31T12:05:25.630Z"}
{"level":"info","message":"Connected to mongodb://localhost/TemplateDB_Test...","timestamp":"2019-07-31T12:05:26.699Z"}
{"level":"info","message":"Listening on port 3000...","timestamp":"2019-07-31T12:05:51.853Z"}
{"level":"info","message":"Listening on port 3000...","timestamp":"2019-07-31T12:05:52.211Z"}
{"message":"unsupported charset \"UTF-8\"","stack":"UnsupportedMediaTypeError: unsupported charset \"UTF-8\"\n    at C:\\Users\\amine\\Desktop\\web\\Backend-template\\node_modules\\body-parser\\lib\\read.js:83:18\n    at invokeCallback (C:\\Users\\amine\\Desktop\\web\\Backend-template\\node_modules\\raw-body\\index.js:224:16)\n    at process._tickCallback (internal/process/next_tick.js:61:11)","name":"UnsupportedMediaTypeError","charset":"utf-8","type":"charset.unsupported","level":"error","timestamp":"2019-07-31T12:05:52.275Z"}
{"level":"info","message":"Connected to mongodb://localhost/TemplateDB_Test...","timestamp":"2019-07-31T12:05:52.923Z"}
{"level":"info","message":"Connected to mongodb://localhost/TemplateDB_Test...","timestamp":"2019-07-31T12:05:53.308Z"}
{"level":"info","message":"Listening on port 3000...","timestamp":"2019-07-31T12:26:15.572Z"}
{"level":"info","message":"Listening on port 3000...","timestamp":"2019-07-31T12:26:15.894Z"}
{"message":"unsupported charset \"UTF-8\"","stack":"UnsupportedMediaTypeError: unsupported charset \"UTF-8\"\n    at C:\\Users\\amine\\Desktop\\web\\Backend-template\\node_modules\\body-parser\\lib\\read.js:83:18\n    at invokeCallback (C:\\Users\\amine\\Desktop\\web\\Backend-template\\node_modules\\raw-body\\index.js:224:16)\n    at process._tickCallback (internal/process/next_tick.js:61:11)","name":"UnsupportedMediaTypeError","charset":"utf-8","type":"charset.unsupported","level":"error","timestamp":"2019-07-31T12:26:15.955Z"}
{"level":"info","message":"Connected to mongodb://localhost/TemplateDB_Test...","timestamp":"2019-07-31T12:26:16.650Z"}
{"level":"info","message":"Connected to mongodb://localhost/TemplateDB_Test...","timestamp":"2019-07-31T12:26:16.990Z"}
{"level":"info","message":"Listening on port 3000...","timestamp":"2019-07-31T12:27:12.087Z"}
{"level":"info","message":"Listening on port 3000...","timestamp":"2019-07-31T12:27:12.117Z"}
{"message":"unsupported charset \"UTF-8\"","stack":"UnsupportedMediaTypeError: unsupported charset \"UTF-8\"\n    at C:\\Users\\amine\\Desktop\\web\\Backend-template\\node_modules\\body-parser\\lib\\read.js:83:18\n    at invokeCallback (C:\\Users\\amine\\Desktop\\web\\Backend-template\\node_modules\\raw-body\\index.js:224:16)\n    at process._tickCallback (internal/process/next_tick.js:61:11)","name":"UnsupportedMediaTypeError","charset":"utf-8","type":"charset.unsupported","level":"error","timestamp":"2019-07-31T12:27:12.186Z"}
{"level":"info","message":"Connected to mongodb://localhost/TemplateDB_Test...","timestamp":"2019-07-31T12:27:13.147Z"}
{"level":"info","message":"Connected to mongodb://localhost/TemplateDB_Test...","timestamp":"2019-07-31T12:27:13.178Z"}
{"level":"info","message":"Listening on port 3000...","timestamp":"2019-07-31T12:30:51.575Z"}
{"level":"info","message":"Listening on port 3000...","timestamp":"2019-07-31T12:30:51.909Z"}
{"message":"unsupported charset \"UTF-8\"","stack":"UnsupportedMediaTypeError: unsupported charset \"UTF-8\"\n    at C:\\Users\\amine\\Desktop\\web\\Backend-template\\node_modules\\body-parser\\lib\\read.js:83:18\n    at invokeCallback (C:\\Users\\amine\\Desktop\\web\\Backend-template\\node_modules\\raw-body\\index.js:224:16)\n    at process._tickCallback (internal/process/next_tick.js:61:11)","name":"UnsupportedMediaTypeError","charset":"utf-8","type":"charset.unsupported","level":"error","timestamp":"2019-07-31T12:30:51.979Z"}
{"level":"info","message":"Connected to mongodb://localhost/TemplateDB_Test...","timestamp":"2019-07-31T12:30:52.604Z"}
{"level":"info","message":"Connected to mongodb://localhost/TemplateDB_Test...","timestamp":"2019-07-31T12:30:53.008Z"}
{"level":"info","message":"Listening on port 3000...","timestamp":"2019-07-31T12:35:29.018Z"}
{"level":"info","message":"Listening on port 3000...","timestamp":"2019-07-31T12:35:29.339Z"}
{"message":"unsupported charset \"UTF-8\"","stack":"UnsupportedMediaTypeError: unsupported charset \"UTF-8\"\n    at C:\\Users\\amine\\Desktop\\web\\Backend-template\\node_modules\\body-parser\\lib\\read.js:83:18\n    at invokeCallback (C:\\Users\\amine\\Desktop\\web\\Backend-template\\node_modules\\raw-body\\index.js:224:16)\n    at process._tickCallback (internal/process/next_tick.js:61:11)","name":"UnsupportedMediaTypeError","charset":"utf-8","type":"charset.unsupported","level":"error","timestamp":"2019-07-31T12:35:29.408Z"}
{"level":"info","message":"Connected to mongodb://localhost/TemplateDB_Test...","timestamp":"2019-07-31T12:35:30.086Z"}
{"level":"info","message":"Connected to mongodb://localhost/TemplateDB_Test...","timestamp":"2019-07-31T12:35:30.412Z"}
{"level":"info","message":"Listening on port 3000...","timestamp":"2019-07-31T12:40:44.850Z"}
{"level":"info","message":"Listening on port 3000...","timestamp":"2019-07-31T12:40:45.191Z"}
{"level":"info","message":"Connected to mongodb://localhost/TemplateDB_Test...","timestamp":"2019-07-31T12:40:45.898Z"}
{"level":"info","message":"Connected to mongodb://localhost/TemplateDB_Test...","timestamp":"2019-07-31T12:40:46.274Z"}
{"level":"info","message":"Listening on port 3000...","timestamp":"2019-07-31T12:43:20.134Z"}
{"level":"info","message":"Listening on port 3000...","timestamp":"2019-07-31T12:43:20.466Z"}
{"level":"info","message":"Connected to mongodb://localhost/TemplateDB_Test...","timestamp":"2019-07-31T12:43:21.176Z"}
{"level":"info","message":"Connected to mongodb://localhost/TemplateDB_Test...","timestamp":"2019-07-31T12:43:21.523Z"}
{"level":"info","message":"Listening on port 3000...","timestamp":"2019-07-31T12:43:52.598Z"}
{"level":"info","message":"Listening on port 3000...","timestamp":"2019-07-31T12:43:52.929Z"}
{"level":"info","message":"Connected to mongodb://localhost/TemplateDB_Test...","timestamp":"2019-07-31T12:43:53.683Z"}
{"level":"info","message":"Connected to mongodb://localhost/TemplateDB_Test...","timestamp":"2019-07-31T12:43:54.026Z"}
{"level":"info","message":"Listening on port 3000...","timestamp":"2019-07-31T12:44:57.978Z"}
{"level":"info","message":"Listening on port 3000...","timestamp":"2019-07-31T12:44:58.270Z"}
{"level":"info","message":"Connected to mongodb://localhost/TemplateDB_Test...","timestamp":"2019-07-31T12:44:59.047Z"}
{"level":"info","message":"Connected to mongodb://localhost/TemplateDB_Test...","timestamp":"2019-07-31T12:44:59.363Z"}
{"level":"info","message":"Listening on port 3000...","timestamp":"2019-07-31T12:46:30.951Z"}
{"level":"info","message":"Listening on port 3000...","timestamp":"2019-07-31T12:46:30.999Z"}
{"level":"info","message":"Connected to mongodb://localhost/TemplateDB_Test...","timestamp":"2019-07-31T12:46:32.016Z"}
{"level":"info","message":"Connected to mongodb://localhost/TemplateDB_Test...","timestamp":"2019-07-31T12:46:32.067Z"}
{"level":"info","message":"Listening on port 3000...","timestamp":"2019-07-31T12:50:40.231Z"}
{"level":"info","message":"Listening on port 3000...","timestamp":"2019-07-31T12:50:40.535Z"}
{"level":"info","message":"Connected to mongodb://localhost/TemplateDB_Test...","timestamp":"2019-07-31T12:50:41.310Z"}
{"level":"info","message":"Connected to mongodb://localhost/TemplateDB_Test...","timestamp":"2019-07-31T12:50:41.636Z"}
{"level":"info","message":"Listening on port 3000...","timestamp":"2019-07-31T13:24:32.119Z"}
{"level":"info","message":"Listening on port 3000...","timestamp":"2019-07-31T13:24:32.451Z"}
{"level":"info","message":"Connected to mongodb://localhost/TemplateDB_Test...","timestamp":"2019-07-31T13:24:33.179Z"}
{"level":"info","message":"Connected to mongodb://localhost/TemplateDB_Test...","timestamp":"2019-07-31T13:24:33.481Z"}
{"level":"info","message":"Listening on port 3000...","timestamp":"2019-07-31T13:26:54.861Z"}
{"level":"info","message":"Listening on port 3000...","timestamp":"2019-07-31T13:26:55.192Z"}
{"level":"info","message":"Connected to mongodb://localhost/TemplateDB_Test...","timestamp":"2019-07-31T13:26:55.929Z"}
{"level":"info","message":"Connected to mongodb://localhost/TemplateDB_Test...","timestamp":"2019-07-31T13:26:56.255Z"}
{"level":"info","message":"Listening on port 3000...","timestamp":"2019-07-31T13:28:40.210Z"}
{"level":"info","message":"Listening on port 3000...","timestamp":"2019-07-31T13:28:40.531Z"}
{"level":"info","message":"Connected to mongodb://localhost/TemplateDB_Test...","timestamp":"2019-07-31T13:28:41.274Z"}
{"level":"info","message":"Connected to mongodb://localhost/TemplateDB_Test...","timestamp":"2019-07-31T13:28:41.595Z"}
{"level":"info","message":"Listening on port 3000...","timestamp":"2019-07-31T13:29:56.596Z"}
{"level":"info","message":"Connected to mongodb://localhost/TemplateDB_Test...","timestamp":"2019-07-31T13:29:57.652Z"}
{"level":"info","message":"Connected to mongodb://localhost/TemplateDB_Test...","timestamp":"2019-07-31T13:29:57.667Z"}
{"level":"info","message":"Listening on port 3000...","timestamp":"2019-07-31T13:29:57.680Z"}
{"level":"info","message":"Listening on port 3000...","timestamp":"2019-07-31T13:33:23.399Z"}
{"level":"info","message":"Connected to mongodb://localhost/TemplateDB_Test...","timestamp":"2019-07-31T13:33:24.453Z"}
{"level":"info","message":"Listening on port 3000...","timestamp":"2019-07-31T13:33:25.919Z"}
{"level":"info","message":"Connected to mongodb://localhost/TemplateDB_Test...","timestamp":"2019-07-31T13:33:26.949Z"}
{"level":"info","message":"Listening on port 3000...","timestamp":"2019-07-31T13:33:37.596Z"}
{"level":"info","message":"Connected to mongodb://localhost/TemplateDB_Test...","timestamp":"2019-07-31T13:33:38.632Z"}
{"level":"info","message":"Listening on port 3000...","timestamp":"2019-07-31T13:33:40.036Z"}
{"level":"info","message":"Connected to mongodb://localhost/TemplateDB_Test...","timestamp":"2019-07-31T13:33:41.075Z"}
{"level":"info","message":"Listening on port 3000...","timestamp":"2019-07-31T13:34:55.294Z"}
{"level":"info","message":"Connected to mongodb://localhost/TemplateDB_Test...","timestamp":"2019-07-31T13:34:56.325Z"}
{"level":"info","message":"Listening on port 3000...","timestamp":"2019-07-31T13:34:58.045Z"}
{"level":"info","message":"Connected to mongodb://localhost/TemplateDB_Test...","timestamp":"2019-07-31T13:34:59.075Z"}
{"level":"info","message":"Listening on port 3000...","timestamp":"2019-07-31T13:35:43.549Z"}
{"level":"info","message":"Connected to mongodb://localhost/TemplateDB_Test...","timestamp":"2019-07-31T13:35:44.581Z"}
{"level":"info","message":"Listening on port 3000...","timestamp":"2019-07-31T13:35:46.083Z"}
{"level":"info","message":"Connected to mongodb://localhost/TemplateDB_Test...","timestamp":"2019-07-31T13:35:47.126Z"}
{"level":"info","message":"Listening on port 3000...","timestamp":"2019-07-31T13:35:52.103Z"}
{"level":"info","message":"Connected to mongodb://localhost/TemplateDB_Test...","timestamp":"2019-07-31T13:35:53.143Z"}
{"level":"info","message":"Listening on port 3000...","timestamp":"2019-07-31T13:35:54.610Z"}
{"level":"info","message":"Connected to mongodb://localhost/TemplateDB_Test...","timestamp":"2019-07-31T13:35:55.640Z"}
{"level":"info","message":"Listening on port 3000...","timestamp":"2019-07-31T13:45:36.618Z"}
{"level":"info","message":"Connected to mongodb://localhost/TemplateDB_Test...","timestamp":"2019-07-31T13:45:37.653Z"}
{"level":"info","message":"Listening on port 3000...","timestamp":"2019-07-31T13:45:39.057Z"}
{"level":"info","message":"Connected to mongodb://localhost/TemplateDB_Test...","timestamp":"2019-07-31T13:45:40.082Z"}
{"level":"info","message":"Listening on port 3000...","timestamp":"2019-07-31T13:54:14.121Z"}
{"level":"info","message":"Connected to mongodb://localhost/TemplateDB_Test...","timestamp":"2019-07-31T13:54:15.151Z"}
{"level":"info","message":"Listening on port 3000...","timestamp":"2019-07-31T13:54:16.606Z"}
{"level":"info","message":"Connected to mongodb://localhost/TemplateDB_Test...","timestamp":"2019-07-31T13:54:17.636Z"}
{"level":"info","message":"Listening on port 3000...","timestamp":"2019-07-31T13:54:36.334Z"}
{"level":"info","message":"Connected to mongodb://localhost/TemplateDB_Test...","timestamp":"2019-07-31T13:54:37.366Z"}
{"level":"info","message":"Listening on port 3000...","timestamp":"2019-07-31T13:54:38.794Z"}
{"level":"info","message":"Connected to mongodb://localhost/TemplateDB_Test...","timestamp":"2019-07-31T13:54:39.830Z"}
{"level":"info","message":"Listening on port 3000...","timestamp":"2019-07-31T13:55:09.351Z"}
{"level":"info","message":"Connected to mongodb://localhost/TemplateDB_Test...","timestamp":"2019-07-31T13:55:10.381Z"}
{"level":"info","message":"Listening on port 3000...","timestamp":"2019-07-31T13:55:11.828Z"}
{"level":"info","message":"Connected to mongodb://localhost/TemplateDB_Test...","timestamp":"2019-07-31T13:55:12.857Z"}
{"level":"info","message":"Listening on port 3000...","timestamp":"2019-07-31T13:57:18.557Z"}
{"level":"info","message":"Connected to mongodb://localhost/TemplateDB_Test...","timestamp":"2019-07-31T13:57:19.591Z"}
{"level":"info","message":"Listening on port 3000...","timestamp":"2019-07-31T13:57:21.072Z"}
{"level":"info","message":"Connected to mongodb://localhost/TemplateDB_Test...","timestamp":"2019-07-31T13:57:22.105Z"}
{"level":"info","message":"Listening on port 3000...","timestamp":"2019-07-31T14:06:39.270Z"}
{"level":"info","message":"Connected to mongodb://localhost/TemplateDB_Test...","timestamp":"2019-07-31T14:06:40.300Z"}
{"level":"info","message":"Listening on port 3000...","timestamp":"2019-07-31T14:06:41.664Z"}
{"level":"info","message":"Connected to mongodb://localhost/TemplateDB_Test...","timestamp":"2019-07-31T14:06:42.685Z"}
{"level":"info","message":"Listening on port 3000...","timestamp":"2019-07-31T14:07:24.059Z"}
{"level":"info","message":"Connected to mongodb://localhost/TemplateDB_Test...","timestamp":"2019-07-31T14:07:25.132Z"}
{"level":"info","message":"Listening on port 3000...","timestamp":"2019-07-31T14:07:26.624Z"}
{"level":"info","message":"Connected to mongodb://localhost/TemplateDB_Test...","timestamp":"2019-07-31T14:07:27.651Z"}
{"level":"info","message":"Listening on port 3000...","timestamp":"2019-08-01T08:32:22.372Z"}
{"level":"info","message":"Connected to mongodb://localhost/TemplateDB_Test...","timestamp":"2019-08-01T08:32:23.412Z"}
{"level":"info","message":"Listening on port 3000...","timestamp":"2019-08-01T08:32:24.825Z"}
{"level":"info","message":"Connected to mongodb://localhost/TemplateDB_Test...","timestamp":"2019-08-01T08:32:25.853Z"}
{"level":"info","message":"Listening on port 3000...","timestamp":"2019-08-01T08:38:50.332Z"}
{"level":"info","message":"Connected to mongodb://localhost/TemplateDB_Test...","timestamp":"2019-08-01T08:38:51.363Z"}
{"level":"info","message":"Listening on port 3000...","timestamp":"2019-08-01T08:38:52.781Z"}
{"level":"info","message":"Connected to mongodb://localhost/TemplateDB_Test...","timestamp":"2019-08-01T08:38:53.808Z"}
{"level":"info","message":"Listening on port 3000...","timestamp":"2019-08-01T09:19:06.392Z"}
{"level":"info","message":"Connected to mongodb://localhost/TemplateDB_Test...","timestamp":"2019-08-01T09:19:07.453Z"}
{"level":"info","message":"Listening on port 3000...","timestamp":"2019-08-01T09:19:08.948Z"}
{"level":"info","message":"Connected to mongodb://localhost/TemplateDB_Test...","timestamp":"2019-08-01T09:19:09.982Z"}
{"level":"info","message":"Listening on port 3000...","timestamp":"2019-08-01T09:19:11.882Z"}
{"level":"info","message":"Connected to mongodb://localhost/TemplateDB_Test...","timestamp":"2019-08-01T09:19:12.900Z"}
{"level":"info","message":"Listening on port 3000...","timestamp":"2019-08-01T09:27:15.506Z"}
{"level":"info","message":"Connected to mongodb://localhost/TemplateDB_Test...","timestamp":"2019-08-01T09:27:16.539Z"}
{"level":"info","message":"Listening on port 3000...","timestamp":"2019-08-01T09:27:17.947Z"}
{"level":"info","message":"Connected to mongodb://localhost/TemplateDB_Test...","timestamp":"2019-08-01T09:27:18.974Z"}
{"level":"info","message":"Listening on port 3000...","timestamp":"2019-08-01T09:27:20.319Z"}
{"level":"info","message":"Connected to mongodb://localhost/TemplateDB_Test...","timestamp":"2019-08-01T09:27:21.347Z"}
{"level":"info","message":"Connected to mongodb://localhost/TemplateDB_Test...","timestamp":"2019-08-01T09:28:33.857Z"}
{"level":"info","message":"Listening on port 3000...","timestamp":"2019-08-01T09:28:34.191Z"}
{"level":"info","message":"Connected to mongodb://localhost/TemplateDB_Test...","timestamp":"2019-08-01T09:28:35.225Z"}
{"level":"info","message":"Listening on port 3000...","timestamp":"2019-08-01T09:28:36.605Z"}
{"level":"info","message":"Connected to mongodb://localhost/TemplateDB_Test...","timestamp":"2019-08-01T09:28:37.631Z"}
{"level":"info","message":"Listening on port 3000...","timestamp":"2019-08-01T09:32:14.176Z"}
{"level":"info","message":"Connected to mongodb://localhost/TemplateDB_Test...","timestamp":"2019-08-01T09:32:15.220Z"}
{"level":"info","message":"Listening on port 3000...","timestamp":"2019-08-01T09:32:16.669Z"}
{"level":"info","message":"Connected to mongodb://localhost/TemplateDB_Test...","timestamp":"2019-08-01T09:32:17.699Z"}
{"level":"info","message":"Listening on port 3000...","timestamp":"2019-08-01T09:32:19.097Z"}
{"level":"info","message":"Connected to mongodb://localhost/TemplateDB_Test...","timestamp":"2019-08-01T09:32:20.126Z"}
{"level":"info","message":"Listening on port 3000...","timestamp":"2019-08-01T09:33:20.542Z"}
{"level":"info","message":"Connected to mongodb://localhost/TemplateDB_Test...","timestamp":"2019-08-01T09:33:21.581Z"}
{"level":"info","message":"Listening on port 3000...","timestamp":"2019-08-01T09:33:23.026Z"}
{"level":"info","message":"Connected to mongodb://localhost/TemplateDB_Test...","timestamp":"2019-08-01T09:33:24.057Z"}
{"level":"info","message":"Listening on port 3000...","timestamp":"2019-08-01T09:33:25.424Z"}
{"level":"info","message":"Connected to mongodb://localhost/TemplateDB_Test...","timestamp":"2019-08-01T09:33:26.452Z"}
{"level":"info","message":"Listening on port 3000...","timestamp":"2019-08-01T09:34:44.064Z"}
{"level":"info","message":"Listening on port 3000...","timestamp":"2019-08-01T10:09:13.205Z"}
{"level":"info","message":"Connected to mongodb://localhost/TemplateDB_Test...","timestamp":"2019-08-01T10:09:14.275Z"}
{"level":"info","message":"Listening on port 3000...","timestamp":"2019-08-01T10:09:15.728Z"}
{"level":"info","message":"Connected to mongodb://localhost/TemplateDB_Test...","timestamp":"2019-08-01T10:09:16.749Z"}
{"level":"info","message":"Listening on port 3000...","timestamp":"2019-08-01T10:09:18.177Z"}
{"level":"info","message":"Connected to mongodb://localhost/TemplateDB_Test...","timestamp":"2019-08-01T10:09:19.195Z"}
{"level":"info","message":"Listening on port 3000...","timestamp":"2019-08-01T10:12:31.324Z"}
{"level":"info","message":"Connected to mongodb://localhost/TemplateDB_Test...","timestamp":"2019-08-01T10:12:32.339Z"}
{"level":"info","message":"Listening on port 3000...","timestamp":"2019-08-01T10:12:33.709Z"}
{"level":"info","message":"Connected to mongodb://localhost/TemplateDB_Test...","timestamp":"2019-08-01T10:12:34.732Z"}
{"level":"info","message":"Listening on port 3000...","timestamp":"2019-08-01T10:12:36.110Z"}
{"level":"info","message":"Connected to mongodb://localhost/TemplateDB_Test...","timestamp":"2019-08-01T10:12:37.121Z"}
{"level":"info","message":"Listening on port 3000...","timestamp":"2019-08-01T10:15:07.226Z"}
{"level":"info","message":"Connected to mongodb://localhost/TemplateDB_Test...","timestamp":"2019-08-01T10:15:08.249Z"}
{"level":"info","message":"Listening on port 3000...","timestamp":"2019-08-01T10:15:09.685Z"}
{"level":"info","message":"Connected to mongodb://localhost/TemplateDB_Test...","timestamp":"2019-08-01T10:15:10.710Z"}
{"level":"info","message":"Listening on port 3000...","timestamp":"2019-08-01T10:15:12.060Z"}
{"level":"info","message":"Connected to mongodb://localhost/TemplateDB_Test...","timestamp":"2019-08-01T10:15:13.077Z"}
{"level":"info","message":"Listening on port 3000...","timestamp":"2019-08-01T10:17:04.741Z"}
{"level":"info","message":"Connected to mongodb://localhost/TemplateDB_Test...","timestamp":"2019-08-01T10:17:05.797Z"}
{"level":"info","message":"Listening on port 3000...","timestamp":"2019-08-01T10:17:07.164Z"}
{"level":"info","message":"Connected to mongodb://localhost/TemplateDB_Test...","timestamp":"2019-08-01T10:17:08.179Z"}
{"level":"info","message":"Listening on port 3000...","timestamp":"2019-08-01T10:17:09.594Z"}
{"level":"info","message":"Connected to mongodb://localhost/TemplateDB_Test...","timestamp":"2019-08-01T10:17:10.613Z"}
{"level":"info","message":"Listening on port 3000...","timestamp":"2019-08-01T10:23:43.298Z"}
{"level":"info","message":"Connected to mongodb://localhost/TemplateDB...","timestamp":"2019-08-01T10:23:44.356Z"}
{"level":"info","message":"Listening on port 3000...","timestamp":"2019-08-01T11:53:01.649Z"}
{"level":"info","message":"Connected to mongodb://localhost/TemplateDB...","timestamp":"2019-08-01T11:53:02.702Z"}
{"message":"Cannot set headers after they are sent to the client","stack":"Error [ERR_HTTP_HEADERS_SENT]: Cannot set headers after they are sent to the client\n    at ServerResponse.setHeader (_http_outgoing.js:471:11)\n    at ServerResponse.header (C:\\Users\\amine\\Desktop\\web\\Backend-template\\node_modules\\express\\lib\\response.js:771:10)\n    at ServerResponse.send (C:\\Users\\amine\\Desktop\\web\\Backend-template\\node_modules\\express\\lib\\response.js:170:12)\n    at ServerResponse.json (C:\\Users\\amine\\Desktop\\web\\Backend-template\\node_modules\\express\\lib\\response.js:267:15)\n    at ServerResponse.send (C:\\Users\\amine\\Desktop\\web\\Backend-template\\node_modules\\express\\lib\\response.js:158:21)\n    at router.post (C:\\Users\\amine\\Desktop\\web\\Backend-template\\routes\\courses.js:47:7)\n    at process._tickCallback (internal/process/next_tick.js:68:7)","level":"error","timestamp":"2019-08-01T11:53:37.955Z"}
{"level":"info","message":"Listening on port 3000...","timestamp":"2019-08-01T12:42:27.418Z"}
{"level":"info","message":"Connected to mongodb://localhost/TemplateDB...","timestamp":"2019-08-01T12:42:28.479Z"}
{"level":"info","message":"Listening on port 3000...","timestamp":"2019-08-01T12:57:42.472Z"}
{"level":"info","message":"Connected to mongodb://localhost/TemplateDB...","timestamp":"2019-08-01T12:57:43.490Z"}
{"level":"info","message":"Listening on port 3000...","timestamp":"2019-08-01T13:15:47.548Z"}
{"level":"info","message":"Connected to mongodb://localhost/TemplateDB...","timestamp":"2019-08-01T13:15:48.597Z"}
{"level":"info","message":"Listening on port 3000...","timestamp":"2019-08-01T20:08:48.697Z"}
{"level":"info","message":"Listening on port 3000...","timestamp":"2019-08-01T20:09:27.147Z"}
{"level":"info","message":"Connected to mongodb://localhost/TemplateDB...","timestamp":"2019-08-01T20:09:28.209Z"}
{"level":"info","message":"Listening on port 3000...","timestamp":"2019-08-01T20:11:30.534Z"}
{"level":"info","message":"Connected to mongodb://localhost/TemplateDB_Test...","timestamp":"2019-08-01T20:11:31.597Z"}
{"level":"info","message":"Connected to mongodb://localhost/TemplateDB_Test...","timestamp":"2019-08-01T20:20:20.085Z"}
{"level":"info","message":"Connected to mongodb://localhost/TemplateDB_Test...","timestamp":"2019-08-01T20:20:22.953Z"}
{"level":"info","message":"Connected to mongodb://localhost/TemplateDB_Test...","timestamp":"2019-08-01T20:20:22.964Z"}
{"level":"info","message":"Connected to mongodb://localhost/TemplateDB_Test...","timestamp":"2019-08-01T20:21:07.388Z"}
{"level":"info","message":"Listening on port 3000...","timestamp":"2019-08-01T20:21:09.296Z"}
{"level":"info","message":"Connected to mongodb://localhost/TemplateDB_Test...","timestamp":"2019-08-01T20:21:10.317Z"}
{"level":"info","message":"Connected to mongodb://localhost/TemplateDB_Test...","timestamp":"2019-08-01T20:21:10.336Z"}
{"level":"info","message":"Listening on port 3000...","timestamp":"2019-08-01T20:21:20.982Z"}
{"level":"info","message":"Connected to mongodb://localhost/TemplateDB_Test...","timestamp":"2019-08-01T20:21:21.999Z"}
{"level":"info","message":"Listening on port 3000...","timestamp":"2019-08-01T20:21:23.458Z"}
{"level":"info","message":"Connected to mongodb://localhost/TemplateDB_Test...","timestamp":"2019-08-01T20:21:24.473Z"}
{"level":"info","message":"Listening on port 3000...","timestamp":"2019-08-01T20:21:25.754Z"}
{"level":"info","message":"Connected to mongodb://localhost/TemplateDB_Test...","timestamp":"2019-08-01T20:21:26.771Z"}
{"level":"info","message":"Listening on port 3000...","timestamp":"2019-08-01T20:22:22.629Z"}
{"level":"info","message":"Connected to mongodb://localhost/TemplateDB_Test...","timestamp":"2019-08-01T20:22:23.652Z"}
{"level":"info","message":"Listening on port 3000...","timestamp":"2019-08-01T20:22:25.063Z"}
{"level":"info","message":"Connected to mongodb://localhost/TemplateDB_Test...","timestamp":"2019-08-01T20:22:26.080Z"}
{"level":"info","message":"Connected to mongodb://localhost/TemplateDB_Test...","timestamp":"2019-08-01T20:22:43.767Z"}
{"level":"info","message":"Connected to mongodb://localhost/TemplateDB_Test...","timestamp":"2019-08-01T20:22:46.385Z"}
{"level":"info","message":"Connected to mongodb://localhost/TemplateDB_Test...","timestamp":"2019-08-01T20:22:54.302Z"}
{"level":"info","message":"Connected to mongodb://localhost/TemplateDB_Test...","timestamp":"2019-08-01T20:22:57.056Z"}
{"level":"info","message":"Listening on port 3000...","timestamp":"2019-08-01T20:24:52.767Z"}
{"level":"info","message":"Connected to mongodb://localhost/TemplateDB_Test...","timestamp":"2019-08-01T20:24:53.794Z"}
{"level":"info","message":"Listening on port 3000...","timestamp":"2019-08-01T20:24:55.174Z"}
{"level":"info","message":"Connected to mongodb://localhost/TemplateDB_Test...","timestamp":"2019-08-01T20:24:56.198Z"}
{"level":"info","message":"Listening on port 3000...","timestamp":"2019-08-01T20:26:20.290Z"}
{"level":"info","message":"Connected to mongodb://localhost/TemplateDB_Test...","timestamp":"2019-08-01T20:26:21.302Z"}
{"level":"info","message":"Listening on port 3000...","timestamp":"2019-08-01T20:26:22.668Z"}
{"level":"info","message":"Connected to mongodb://localhost/TemplateDB_Test...","timestamp":"2019-08-01T20:26:23.686Z"}
{"level":"info","message":"Listening on port 3000...","timestamp":"2019-08-02T10:12:36.696Z"}
{"level":"info","message":"Connected to mongodb://localhost/TemplateDB_Test...","timestamp":"2019-08-02T10:12:37.773Z"}
{"level":"info","message":"Listening on port 3000...","timestamp":"2019-08-02T10:12:39.232Z"}
{"level":"info","message":"Connected to mongodb://localhost/TemplateDB_Test...","timestamp":"2019-08-02T10:12:40.248Z"}
{"level":"info","message":"Listening on port 3000...","timestamp":"2019-08-03T08:44:35.043Z"}
{"level":"info","message":"Connected to mongodb://localhost/TemplateDB...","timestamp":"2019-08-03T08:44:36.095Z"}
{"message":"student is not defined","stack":"ReferenceError: student is not defined\n    at router.get (C:\\Users\\amine\\Desktop\\web\\Backend-template\\routes\\students.js:37:3)\n    at process._tickCallback (internal/process/next_tick.js:68:7)","level":"error","timestamp":"2019-08-03T09:09:06.393Z"}
{"message":"student is not defined","stack":"ReferenceError: student is not defined\n    at router.get (C:\\Users\\amine\\Desktop\\web\\Backend-template\\routes\\students.js:37:3)\n    at process._tickCallback (internal/process/next_tick.js:68:7)","level":"error","timestamp":"2019-08-03T09:09:20.448Z"}
{"message":"student is not defined","stack":"ReferenceError: student is not defined\n    at router.get (C:\\Users\\amine\\Desktop\\web\\Backend-template\\routes\\students.js:37:3)\n    at process._tickCallback (internal/process/next_tick.js:68:7)","level":"error","timestamp":"2019-08-03T09:09:33.162Z"}
{"level":"info","message":"Listening on port 3000...","timestamp":"2019-08-03T09:11:02.063Z"}
{"level":"info","message":"Connected to mongodb://localhost/TemplateDB...","timestamp":"2019-08-03T09:11:03.111Z"}
{"level":"info","message":"Listening on port 3000...","timestamp":"2019-08-03T09:13:53.494Z"}
{"level":"info","message":"Connected to mongodb://localhost/TemplateDB...","timestamp":"2019-08-03T09:13:54.546Z"}
